#
# An unexpected error has been detected by HotSpot Virtual Machine:
#
#  EXCEPTION_ACCESS_VIOLATION (0xc0000005) at pc=0x78922acc, pid=2060, tid=6040
#
# Java VM: Java HotSpot(TM) Client VM (1.5.0-b64 mixed mode)
# Problematic frame:
# C  [m_interpreter.dll+0x1f2acc]
#

---------------  T H R E A D  ---------------

Current thread (0x0027aed8):  JavaThread "main" [_thread_in_native, id=6040]

siginfo: ExceptionCode=0xc0000005, reading address 0x00000072

Registers:
EAX=0x000000db, EBX=0x00000000, ECX=0x1044cb20, EDX=0x01cacb20
ESP=0x00cda054, EBP=0x00cda578, ESI=0x0000006e, EDI=0x00000000
EIP=0x78922acc, EFLAGS=0x00010206

Top of Stack: (sp=0x00cda054)
0x00cda054:   00000000 00000000 787332f8 79aa7dde
0x00cda064:   00000000 505c3a43 72676f72 46206d61
0x00cda074:   73656c69 54414d5c 3742414c 6f745c31
0x00cda084:   6f626c6f 616d5c78 62616c74 6172675c
0x00cda094:   63696870 72705c73 74617669 69665c65
0x00cda0a4:   6873696e 7c006d2e e9bad60a 5935609b
0x00cda0b4:   f00f533a 713f7147 43d8f69c 75f3d79f
0x00cda0c4:   ac1e7a23 30ac0fd0 8d7d2c9e cc23da2c 

Instructions: (pc=0x78922acc)
0x78922abc:   ff 3b c7 76 7b 56 8b 0d 98 e9 a0 78 8b 74 81 fc
0x78922acc:   8b 56 04 48 57 68 9f 00 31 00 52 a3 9c e9 a0 78 


Stack: [0x004e0000,0x00ce0000),  sp=0x00cda054,  free space=8168k
Native frames: (J=compiled Java code, j=interpreted, Vv=VM code, C=native code)
C  [m_interpreter.dll+0x1f2acc]
C  [bridge.dll+0x7f73]
C  [m_dispatcher.dll+0x15f7e]
C  [m_dispatcher.dll+0x714c]
C  [m_dispatcher.dll+0x34c7c]
C  [m_dispatcher.dll+0x16377]
C  [m_dispatcher.dll+0x7238]
C  [m_interpreter.dll+0x1cae8]
C  [m_interpreter.dll+0x1cb62]
C  [jmi_mi.dll+0x5f56]
C  [jmi_mi.dll+0x6450]
C  [jmi_mi.dll+0x4f86]
j  com.mathworks.jmi.NativeMatlab.nativeThreadMessage(Ljava/lang/Object;)Ljava/lang/Object;+0
j  com.mathworks.jmi.MatlabLooper.sendThreadMessage(Lcom/mathworks/services/message/MWMessage;)Ljava/lang/Object;+4
j  com.mathworks.jmi.Matlab.mtFeval(Ljava/lang/String;[Ljava/lang/Object;I)Ljava/lang/Object;+57
j  com.mathworks.mde.desk.MLDesktop$3.run()V+22
j  com.mathworks.jmi.NativeMatlab.dispatchMTRequests()V+46
v  ~StubRoutines::call_stub
V  [jvm.dll+0x8168d]
V  [jvm.dll+0xd4179]
V  [jvm.dll+0x8155e]
V  [jvm.dll+0x884b3]
C  [jmi.dll+0x3990]
C  [jmi.dll+0x7e50]
C  [uiw.dll+0x3da73]
C  [uiw.dll+0x3e1ca]
C  [USER32.dll+0x21923]
C  [USER32.dll+0x1b317]
C  [USER32.dll+0x178d0]
C  [ntdll.dll+0xe453]
C  [uiw.dll+0x1e9b8]
C  [uiw.dll+0x1bea4]
C  [bridge.dll+0x418c]
C  [bridge.dll+0x445c]
C  [bridge.dll+0x727d]
C  [bridge.dll+0x7391]
C  [bridge.dll+0x7ad2]
C  [mcr.dll+0x90cd]
C  [MATLAB.exe+0x1ca9]
C  [MATLAB.exe+0x3d9f]
C  [kernel32.dll+0x17067]

Java frames: (J=compiled Java code, j=interpreted, Vv=VM code)
j  com.mathworks.jmi.NativeMatlab.nativeThreadMessage(Ljava/lang/Object;)Ljava/lang/Object;+0
j  com.mathworks.jmi.MatlabLooper.sendThreadMessage(Lcom/mathworks/services/message/MWMessage;)Ljava/lang/Object;+4
j  com.mathworks.jmi.Matlab.mtFeval(Ljava/lang/String;[Ljava/lang/Object;I)Ljava/lang/Object;+57
j  com.mathworks.mde.desk.MLDesktop$3.run()V+22
j  com.mathworks.jmi.NativeMatlab.dispatchMTRequests()V+46
v  ~StubRoutines::call_stub

---------------  P R O C E S S  ---------------

Java Threads: ( => current thread )
  0x0d959b00 JavaThread "Timer-22" [_thread_blocked, id=4808]
  0x0d912008 JavaThread "FigureTreeLockThread" [_thread_blocked, id=4664]
  0x0dba2af8 JavaThread "Prefs Updater" [_thread_blocked, id=4084]
  0x0ddee6a8 JavaThread "Text-Layout" [_thread_blocked, id=2748]
  0x0dd5aa88 JavaThread "Thread-7" [_thread_in_native, id=776]
  0x0dd08a68 JavaThread "Timer-2" daemon [_thread_blocked, id=5972]
  0x0dbefc40 JavaThread "TimerQueue" daemon [_thread_blocked, id=720]
  0x0daf2488 JavaThread "Java2D Disposer" daemon [_thread_blocked, id=2588]
  0x0daf2c40 JavaThread "Timer-0" [_thread_blocked, id=4088]
  0x0d619d10 JavaThread "AWT-Windows" daemon [_thread_in_native, id=2156]
  0x031b6140 JavaThread "Low Memory Detector" daemon [_thread_blocked, id=5012]
  0x031b4ee8 JavaThread "CompilerThread0" daemon [_thread_blocked, id=2864]
  0x031b41e0 JavaThread "Signal Dispatcher" daemon [_thread_blocked, id=4920]
  0x031aaa08 JavaThread "Finalizer" daemon [_thread_blocked, id=5100]
  0x0316be08 JavaThread "Reference Handler" daemon [_thread_blocked, id=3712]
=>0x0027aed8 JavaThread "main" [_thread_in_native, id=6040]

Other Threads:
  0x0027fca8 VMThread [id=5176]
  0x031b2610 WatcherThread [id=5792]

VM state:not at safepoint (normal execution)

VM Mutex/Monitor currently owned by a thread: None

Heap
 def new generation   total 14848K, used 563K [0x051f0000, 0x06200000, 0x069f0000)
  eden space 13248K,   4% used [0x051f0000, 0x0527cc88, 0x05ee0000)
  from space 1600K,   0% used [0x06070000, 0x06070000, 0x06200000)
  to   space 1600K,   0% used [0x05ee0000, 0x05ee0000, 0x06070000)
 tenured generation   total 49152K, used 27954K [0x069f0000, 0x099f0000, 0x0b1f0000)
   the space 49152K,  56% used [0x069f0000, 0x0853c950, 0x0853ca00, 0x099f0000)
 compacting perm gen  total 20736K, used 20492K [0x0b1f0000, 0x0c630000, 0x0d1f0000)
   the space 20736K,  98% used [0x0b1f0000, 0x0c5f3160, 0x0c5f3200, 0x0c630000)
No shared spaces configured.

Dynamic libraries:
0x00400000 - 0x004d3000 	C:\Program Files\MATLAB71\bin\win32\MATLAB.exe
0x7c900000 - 0x7c9af000 	C:\WINDOWS\system32\ntdll.dll
0x7c800000 - 0x7c8f6000 	C:\WINDOWS\system32\kernel32.dll
0x78550000 - 0x7855d000 	C:\Program Files\MATLAB71\bin\win32\libmat.dll
0x78500000 - 0x7853e000 	C:\Program Files\MATLAB71\bin\win32\libmx.dll
0x781f0000 - 0x78284000 	C:\Program Files\MATLAB71\bin\win32\icuuc32.dll
0x77dd0000 - 0x77e6b000 	C:\WINDOWS\system32\ADVAPI32.dll
0x77e70000 - 0x77f02000 	C:\WINDOWS\system32\RPCRT4.dll
0x77fe0000 - 0x77ff1000 	C:\WINDOWS\system32\Secur32.dll
0x10000000 - 0x10005000 	C:\Program Files\MATLAB71\bin\win32\icudt32.dll
0x7c340000 - 0x7c396000 	C:\Program Files\MATLAB71\bin\win32\MSVCR71.dll
0x00230000 - 0x00242000 	C:\Program Files\MATLAB71\bin\win32\libz.dll
0x78450000 - 0x784f3000 	C:\Program Files\MATLAB71\bin\win32\libut.dll
0x76c90000 - 0x76cb8000 	C:\WINDOWS\system32\imagehlp.dll
0x77c10000 - 0x77c68000 	C:\WINDOWS\system32\msvcrt.dll
0x78100000 - 0x781aa000 	C:\Program Files\MATLAB71\bin\win32\icuin32.dll
0x781b0000 - 0x781bb000 	C:\Program Files\MATLAB71\bin\win32\icuio32.dll
0x7c3a0000 - 0x7c41b000 	C:\Program Files\MATLAB71\bin\win32\MSVCP71.dll
0x7e410000 - 0x7e4a1000 	C:\WINDOWS\system32\USER32.dll
0x77f10000 - 0x77f59000 	C:\WINDOWS\system32\GDI32.dll
0x774e0000 - 0x7761d000 	C:\WINDOWS\system32\ole32.dll
0x77120000 - 0x771ab000 	C:\WINDOWS\system32\OLEAUT32.dll
0x78d40000 - 0x78e46000 	C:\Program Files\MATLAB71\bin\win32\libmwservices.dll
0x763b0000 - 0x763f9000 	C:\WINDOWS\system32\comdlg32.dll
0x5d090000 - 0x5d12a000 	C:\WINDOWS\system32\COMCTL32.dll
0x7c9c0000 - 0x7d1d7000 	C:\WINDOWS\system32\SHELL32.dll
0x77f60000 - 0x77fd6000 	C:\WINDOWS\system32\SHLWAPI.dll
0x78570000 - 0x7858a000 	C:\Program Files\MATLAB71\bin\win32\mpath.dll
0x5b860000 - 0x5b8b5000 	C:\WINDOWS\system32\NETAPI32.dll
0x71ab0000 - 0x71ac7000 	C:\WINDOWS\system32\WS2_32.dll
0x71aa0000 - 0x71aa8000 	C:\WINDOWS\system32\WS2HELP.dll
0x78540000 - 0x7854f000 	C:\Program Files\MATLAB71\bin\win32\libmex.dll
0x78560000 - 0x7856e000 	C:\Program Files\MATLAB71\bin\win32\mvalue.dll
0x786c0000 - 0x7872e000 	C:\Program Files\MATLAB71\bin\win32\m_dispatcher.dll
0x78290000 - 0x78430000 	C:\Program Files\MATLAB71\bin\win32\xerces-c_2_6.dll
0x78d20000 - 0x78d36000 	C:\Program Files\MATLAB71\bin\win32\datasvcs.dll
0x791c0000 - 0x791db000 	C:\Program Files\MATLAB71\bin\win32\mcr.dll
0x78730000 - 0x78a3a000 	C:\Program Files\MATLAB71\bin\win32\m_interpreter.dll
0x78590000 - 0x78628000 	C:\Program Files\MATLAB71\bin\win32\mcos.dll
0x78c90000 - 0x78d20000 	C:\Program Files\MATLAB71\bin\win32\mlib.dll
0x78a40000 - 0x78bd6000 	C:\Program Files\MATLAB71\bin\win32\m_parser.dll
0x78c80000 - 0x78c8d000 	C:\Program Files\MATLAB71\bin\win32\ir_xfmr.dll
0x78be0000 - 0x78c3b000 	C:\Program Files\MATLAB71\bin\win32\m_ir.dll
0x78c40000 - 0x78c54000 	C:\Program Files\MATLAB71\bin\win32\m_pcodegen.dll
0x78c60000 - 0x78c74000 	C:\Program Files\MATLAB71\bin\win32\m_pcodeio.dll
0x79990000 - 0x799e4000 	C:\Program Files\MATLAB71\bin\win32\udd_mi.dll
0x78630000 - 0x786b2000 	C:\Program Files\MATLAB71\bin\win32\udd.dll
0x799f0000 - 0x79a1b000 	C:\Program Files\MATLAB71\bin\win32\jmi.dll
0x79aa0000 - 0x79b3d000 	C:\Program Files\MATLAB71\bin\win32\bridge.dll
0x77c00000 - 0x77c08000 	C:\WINDOWS\system32\VERSION.dll
0x78f70000 - 0x79009000 	C:\Program Files\MATLAB71\bin\win32\libmwgui.dll
0x79980000 - 0x79990000 	C:\Program Files\MATLAB71\bin\win32\mwoles05.dll
0x79a20000 - 0x79a59000 	C:\Program Files\MATLAB71\bin\win32\comcli.dll
0x78eb0000 - 0x78f2b000 	C:\Program Files\MATLAB71\bin\win32\uiw.dll
0x78f30000 - 0x78f53000 	C:\Program Files\MATLAB71\bin\win32\libuij.dll
0x79190000 - 0x791bb000 	C:\Program Files\MATLAB71\bin\win32\libmwhardcopy.dll
0x78f60000 - 0x78f69000 	C:\Program Files\MATLAB71\bin\win32\uinone.dll
0x7c140000 - 0x7c243000 	C:\Program Files\MATLAB71\bin\win32\MFC71.DLL
0x73000000 - 0x73026000 	C:\WINDOWS\system32\WINSPOOL.DRV
0x7c120000 - 0x7c139000 	C:\Program Files\MATLAB71\bin\win32\ATL71.DLL
0x79a60000 - 0x79a69000 	C:\Program Files\MATLAB71\bin\win32\mlautoregister.dll
0x79010000 - 0x79162000 	C:\Program Files\MATLAB71\bin\win32\hg.dll
0x791e0000 - 0x7934d000 	C:\Program Files\MATLAB71\bin\win32\numerics.dll
0x79910000 - 0x79917000 	C:\Program Files\MATLAB71\bin\win32\libmwamd.dll
0x793a0000 - 0x79426000 	C:\Program Files\MATLAB71\bin\win32\libfftw3.dll
0x79430000 - 0x794b1000 	C:\Program Files\MATLAB71\bin\win32\libfftw3f.dll
0x79350000 - 0x79373000 	C:\Program Files\MATLAB71\bin\win32\libmwlapack.dll
0x79920000 - 0x79975000 	C:\Program Files\MATLAB71\bin\win32\libmwumfpackv4.3.dll
0x76390000 - 0x763ad000 	C:\WINDOWS\system32\IMM32.DLL
0x773d0000 - 0x774d3000 	C:\WINDOWS\WinSxS\x86_Microsoft.Windows.Common-Controls_6595b64144ccf1df_6.0.2600.5512_x-ww_35d4ce83\comctl32.dll
0x7c300000 - 0x7c30e000 	C:\Program Files\MATLAB71\bin\win32\MFC71ENU.DLL
0x79380000 - 0x79398000 	C:\Program Files\MATLAB71\bin\win32\mkl.dll
0x794c0000 - 0x79907000 	C:\Program Files\MATLAB71\bin\win32\lapack.dll
0x01e10000 - 0x01e8e000 	C:\Program Files\MATLAB71\bin\win32\DFORMD.DLL
0x5ad70000 - 0x5ada8000 	C:\WINDOWS\system32\uxtheme.dll
0x74290000 - 0x74294000 	C:\WINDOWS\system32\icmp.Dll
0x76d60000 - 0x76d79000 	C:\WINDOWS\system32\iphlpapi.dll
0x74720000 - 0x7476c000 	C:\WINDOWS\system32\MSCTF.dll
0x6d640000 - 0x6d7c5000 	C:\Program Files\MATLAB71\sys\java\jre\win32\jre1.5.0\bin\client\jvm.dll
0x76b40000 - 0x76b6d000 	C:\WINDOWS\system32\WINMM.dll
0x755c0000 - 0x755ee000 	C:\WINDOWS\system32\msctfime.ime
0x6d280000 - 0x6d288000 	C:\Program Files\MATLAB71\sys\java\jre\win32\jre1.5.0\bin\hpi.dll
0x76bf0000 - 0x76bfb000 	C:\WINDOWS\system32\PSAPI.DLL
0x6d610000 - 0x6d61c000 	C:\Program Files\MATLAB71\sys\java\jre\win32\jre1.5.0\bin\verify.dll
0x6d300000 - 0x6d31d000 	C:\Program Files\MATLAB71\sys\java\jre\win32\jre1.5.0\bin\java.dll
0x6d630000 - 0x6d63f000 	C:\Program Files\MATLAB71\sys\java\jre\win32\jre1.5.0\bin\zip.dll
0x79b40000 - 0x79b51000 	C:\Program Files\MATLAB71\bin\win32\jmi_mi.dll
0x6d000000 - 0x6d166000 	C:\Program Files\MATLAB71\sys\java\jre\win32\jre1.5.0\bin\awt.dll
0x7a790000 - 0x7a79d000 	C:\Program Files\MATLAB71\bin\win32\nativejava.dll
0x6d240000 - 0x6d27d000 	C:\Program Files\MATLAB71\sys\java\jre\win32\jre1.5.0\bin\fontmanager.dll
0x6d4c0000 - 0x6d4d3000 	C:\Program Files\MATLAB71\sys\java\jre\win32\jre1.5.0\bin\net.dll
0x6d4e0000 - 0x6d4e9000 	C:\Program Files\MATLAB71\sys\java\jre\win32\jre1.5.0\bin\nio.dll
0x0e670000 - 0x0e675000 	C:\Program Files\MATLAB71\bin\win32\nativeservices.dll
0x7a7a0000 - 0x7a7ac000 	C:\Program Files\MATLAB71\bin\win32\nativelex.dll
0x7e660000 - 0x7e715000 	C:\WINDOWS\System32\spool\DRIVERS\W32X86\3\PS5UI.DLL
0x78e50000 - 0x78ea4000 	C:\Program Files\MATLAB71\bin\win32\libmwbuiltins.dll
0x77920000 - 0x77a13000 	C:\WINDOWS\system32\SETUPAPI.dll
0x77b40000 - 0x77b62000 	C:\WINDOWS\system32\appHelp.dll
0x76fd0000 - 0x7704f000 	C:\WINDOWS\system32\CLBCATQ.DLL
0x77050000 - 0x77115000 	C:\WINDOWS\system32\COMRes.dll
0x661c0000 - 0x663dd000 	C:\PROGRA~1\MICROS~2\Office12\GRA8E1~1.DLL
0x68ef0000 - 0x68fe1000 	C:\PROGRA~1\MICROS~2\Office12\GrooveUtil.DLL
0x02dc0000 - 0x02e90000 	C:\WINDOWS\system32\WININET.dll
0x02e90000 - 0x02e99000 	C:\WINDOWS\system32\Normaliz.dll
0x78000000 - 0x78045000 	C:\WINDOWS\system32\iertutil.dll
0x77a80000 - 0x77b15000 	C:\WINDOWS\system32\CRYPT32.dll
0x77b20000 - 0x77b32000 	C:\WINDOWS\system32\MSASN1.dll
0x0e980000 - 0x0ea1b000 	C:\WINDOWS\WinSxS\x86_Microsoft.VC80.CRT_1fc8b3b9a1e18e3b_8.0.50727.3053_x-ww_b80fa8ca\MSVCR80.dll
0x68ff0000 - 0x68ff7000 	C:\PROGRA~1\MICROS~2\Office12\GrooveNew.DLL
0x7c630000 - 0x7c64b000 	C:\WINDOWS\WinSxS\x86_Microsoft.VC80.ATL_1fc8b3b9a1e18e3b_8.0.50727.762_x-ww_cbb27474\ATL80.DLL
0x68000000 - 0x68036000 	C:\WINDOWS\system32\rsaenh.dll
0x76380000 - 0x76385000 	C:\WINDOWS\system32\MSImg32.dll
0x76980000 - 0x76988000 	C:\WINDOWS\system32\LINKINFO.dll
0x76990000 - 0x769b5000 	C:\WINDOWS\system32\ntshrui.dll
0x76b20000 - 0x76b31000 	C:\WINDOWS\system32\ATL.DLL
0x769c0000 - 0x76a74000 	C:\WINDOWS\system32\USERENV.dll
0x10120000 - 0x10128000 	C:\Program Files\MATLAB71\toolbox\matlab\graph2d\private\lineseriesmex.mexw32
0x7a7b0000 - 0x7a7c9000 	C:\Program Files\MATLAB71\bin\win32\nativehg.dll
0x6d360000 - 0x6d366000 	C:\Program Files\MATLAB71\sys\java\jre\win32\jre1.5.0\bin\jawt.dll
0x79170000 - 0x79190000 	C:\Program Files\MATLAB71\bin\win32\glren.dll
0x5ed00000 - 0x5edcc000 	C:\WINDOWS\system32\OPENGL32.dll
0x68b20000 - 0x68b40000 	C:\WINDOWS\system32\GLU32.dll
0x73760000 - 0x737ab000 	C:\WINDOWS\system32\DDRAW.dll
0x73bc0000 - 0x73bc6000 	C:\WINDOWS\system32\DCIMAN32.dll
0x69000000 - 0x6995f000 	C:\WINDOWS\system32\atioglx2.dll
0x7b980000 - 0x7bc25000 	C:\Program Files\MATLAB71\bin\win32\mkl_p3.dll
0x7bd80000 - 0x7bdb3000 	C:\Program Files\MATLAB71\bin\win32\libguide40.dll
0x6d1c0000 - 0x6d1e3000 	C:\Program Files\MATLAB71\sys\java\jre\win32\jre1.5.0\bin\dcpr.dll

VM Arguments:
jvm_args: -Xss512k -Xms64m -Xmx96m -XX:NewRatio=3 -XX:MaxPermSize=32M -Dsun.java2d.noddraw=true -Dsun.awt.nopixfmt=true -Xshare:off -Djava.library.path=C:\Program Files\MATLAB71\bin\win32 vfprintf abort
java_command: <unknown>

Environment Variables:
CLASSPATH=.;C:\Program Files\Java\jre1.5.0_16\lib\ext\QTJava.zip
PATH=C:\Program Files\MiKTeX 2.7\miktex\bin;C:\WINDOWS\system32;C:\WINDOWS;C:\WINDOWS\system32\wbem;c:\program files\ati technologies\ati.ace\core-static;c:\program files\common files\lenovo;c:\program files\common files\roxio shared\10.0\dllshared\;c:\program files\common files\roxio shared\dllshared\;c:\program files\common files\roxio shared\dllshared\;c:\program files\common files\roxio shared\10.0\dllshared\;c:\program files\lenovo\client security solution;C:\Program Files\MATLAB71\bin\win32;C:\Program Files\QuickTime\QTSystem\
USERNAME=mhedjazi
OS=Windows_NT
PROCESSOR_IDENTIFIER=x86 Family 6 Model 23 Stepping 10, GenuineIntel


---------------  S Y S T E M  ---------------

OS: Windows XP Build 2600 Service Pack 3

CPU:total 4 family 6, cmov, cx8, fxsr, mmx, sse, sse2, ht

Memory: 4k page, physical 3668132k(912256k free), swap 4194303k(3807104k free)

vm_info: Java HotSpot(TM) Client VM (1.5.0-b64) for windows-x86, built on Sep 15 2004 03:00:31 by "java_re" with MS VC++ 6.0

